<?xml version="1.0" encoding="UTF-8"?>
<testng-results ignored="0" total="1" passed="1" failed="0" skipped="0">
  <reporter-output>
  </reporter-output>
  <suite started-at="2023-09-25T12:04:37 IST" name="Default suite" finished-at="2023-09-25T12:04:54 IST" duration-ms="17343">
    <groups>
    </groups>
    <test started-at="2023-09-25T12:04:37 IST" name="Default test" finished-at="2023-09-25T12:04:54 IST" duration-ms="17343">
      <class name="autolist.Execution.Model_select">
        <test-method signature="modelHyundaiSelect()[pri:0, instance:autolist.Execution.Model_select@40005471]" started-at="2023-09-25T12:04:37 IST" name="modelHyundaiSelect" finished-at="2023-09-25T12:04:54 IST" duration-ms="17281" status="PASS">
          <reporter-output>
          </reporter-output>
        </test-method> <!-- modelHyundaiSelect -->
      </class> <!-- autolist.Execution.Model_select -->
    </test> <!-- Default test -->
  </suite> <!-- Default suite -->
</testng-results>
